<?xml version="1.0" encoding="UTF-8"?>
<testsuites>
  <testsuite name="CodeIgniter Application Test Suite" tests="1" assertions="3" failures="1" errors="0" time="0.033193">
    <testsuite name="AccountController_test" file="/var/www/html/codeigniter/application/tests/controllers/Hello_test.php" tests="1" assertions="3" failures="1" errors="0" time="0.033193">
      <testcase name="test_login" class="AccountController_test" file="/var/www/html/codeigniter/application/tests/controllers/Hello_test.php" line="11" assertions="3" time="0.033193">
        <failure type="PHPUnit_Framework_ExpectationFailedException">AccountController_test::test_login
Failed asserting that two strings are equal.
--- Expected
+++ Actual
@@ @@
-'400'
+'401'

/var/www/html/codeigniter/application/tests/controllers/Hello_test.php:27
</failure>
      </testcase>
    </testsuite>
  </testsuite>
</testsuites>
