<?xml version="1.0" encoding="UTF-8"?>
<testsuites>
  <testsuite name="CodeIgniter Application Test Suite" tests="1" assertions="1" failures="0" errors="0" time="4.309262">
    <testsuite name="Hello_test" file="/var/www/html/codeigniter/application/tests/controllers/Hello_test.php" tests="1" assertions="1" failures="0" errors="0" time="4.309262">
      <testcase name="test_get_hello" class="Hello_test" file="/var/www/html/codeigniter/application/tests/controllers/Hello_test.php" line="5" assertions="1" time="4.309262"/>
    </testsuite>
  </testsuite>
</testsuites>
